<?xml version="1.0" encoding="UTF-8"?>
<!-- Generated by org.testng.reporters.JUnitXMLReporter -->
<testsuite ignored="2" hostname="aziz" failures="0" tests="1" name="AndroidEmulator1" time="28.707" errors="0" timestamp="2023-01-16T15:34:56 CET">
  <testcase classname="com.qa.tests.LoginTests" name="successfullLogin" time="10.674"/>
  <testcase classname="com.qa.tests.LoginTests" name="invalidPassword" time="0.0">
    <ignored/>
  </testcase> <!-- invalidPassword -->
  <testcase classname="com.qa.tests.LoginTests" name="invalidUserName" time="0.0">
    <ignored/>
  </testcase> <!-- invalidUserName -->
</testsuite> <!-- AndroidEmulator1 -->
