<?xml version="1.0" encoding="UTF-8"?>
<testng-results ignored="2" total="3" passed="1" failed="0" skipped="0">
  <reporter-output>
  </reporter-output>
  <suite started-at="2023-01-16T15:34:27 CET" name="Suite" finished-at="2023-01-16T15:34:56 CET" duration-ms="28707">
    <groups>
    </groups>
    <test started-at="2023-01-16T15:34:27 CET" name="AndroidEmulator1" finished-at="2023-01-16T15:34:56 CET" duration-ms="28707">
      <class name="com.qa.tests.LoginTests">
        <test-method is-config="true" signature="beforeSuite()[pri:0, instance:com.qa.tests.LoginTests@210ab13f]" started-at="2023-01-16T15:34:20 CET" name="beforeSuite" finished-at="2023-01-16T15:34:27 CET" duration-ms="6827" status="PASS">
          <reporter-output>
          </reporter-output>
        </test-method> <!-- beforeSuite -->
        <test-method is-config="true" signature="beforeTest(java.lang.String,java.lang.String,java.lang.String,java.lang.String)[pri:0, instance:com.qa.tests.LoginTests@210ab13f]" started-at="2023-01-16T15:34:27 CET" name="beforeTest" finished-at="2023-01-16T15:34:42 CET" duration-ms="15486" status="PASS">
          <params>
            <param index="0">
              <value>
                <![CDATA[Android]]>
              </value>
            </param>
            <param index="1">
              <value>
                <![CDATA[emulator-5554]]>
              </value>
            </param>
            <param index="2">
              <value>
                <![CDATA[pixel_6]]>
              </value>
            </param>
            <param index="3">
              <value>
                <![CDATA[10000]]>
              </value>
            </param>
          </params>
          <reporter-output>
          </reporter-output>
        </test-method> <!-- beforeTest -->
        <test-method is-config="true" signature="beforeClass()[pri:0, instance:com.qa.tests.LoginTests@210ab13f]" started-at="2023-01-16T15:34:42 CET" name="beforeClass" finished-at="2023-01-16T15:34:42 CET" duration-ms="4" status="PASS">
          <reporter-output>
          </reporter-output>
        </test-method> <!-- beforeClass -->
        <test-method is-config="true" signature="beforeMethod()[pri:0, instance:com.qa.tests.LoginTests@210ab13f]" started-at="2023-01-16T15:34:42 CET" name="beforeMethod" finished-at="2023-01-16T15:34:43 CET" duration-ms="617" status="PASS">
          <reporter-output>
          </reporter-output>
        </test-method> <!-- beforeMethod -->
        <test-method is-config="true" signature="beforeMethod(java.lang.reflect.Method)[pri:0, instance:com.qa.tests.LoginTests@210ab13f]" started-at="2023-01-16T15:34:43 CET" name="beforeMethod" finished-at="2023-01-16T15:34:43 CET" duration-ms="257" status="PASS">
          <params>
            <param index="0">
              <value>
                <![CDATA[public void com.qa.tests.LoginTests.successfullLogin() throws java.lang.InterruptedException]]>
              </value>
            </param>
          </params>
          <reporter-output>
          </reporter-output>
        </test-method> <!-- beforeMethod -->
        <test-method signature="successfullLogin()[pri:0, instance:com.qa.tests.LoginTests@210ab13f]" started-at="2023-01-16T15:34:43 CET" name="successfullLogin" finished-at="2023-01-16T15:34:54 CET" duration-ms="10674" status="PASS">
          <reporter-output>
          </reporter-output>
        </test-method> <!-- successfullLogin -->
        <test-method is-config="true" signature="afterMethod(org.testng.ITestResult)[pri:0, instance:com.qa.tests.LoginTests@210ab13f]" started-at="2023-01-16T15:34:54 CET" name="afterMethod" finished-at="2023-01-16T15:34:55 CET" duration-ms="1145" status="PASS">
          <params>
            <param index="0">
              <value>
                <![CDATA[[TestResult name=successfullLogin status=SUCCESS method=LoginTests.successfullLogin()[pri:0, instance:com.qa.tests.LoginTests@210ab13f] output={null}]]]>
              </value>
            </param>
          </params>
          <reporter-output>
          </reporter-output>
        </test-method> <!-- afterMethod -->
        <test-method is-config="true" signature="afterMethod()[pri:0, instance:com.qa.tests.LoginTests@210ab13f]" started-at="2023-01-16T15:34:54 CET" name="afterMethod" finished-at="2023-01-16T15:34:54 CET" duration-ms="0" status="PASS">
          <reporter-output>
          </reporter-output>
        </test-method> <!-- afterMethod -->
        <test-method is-config="true" signature="afterClass()[pri:0, instance:com.qa.tests.LoginTests@210ab13f]" started-at="2023-01-16T15:34:55 CET" name="afterClass" finished-at="2023-01-16T15:34:55 CET" duration-ms="0" status="PASS">
          <reporter-output>
          </reporter-output>
        </test-method> <!-- afterClass -->
        <test-method is-config="true" signature="afterTest()[pri:0, instance:com.qa.tests.LoginTests@210ab13f]" started-at="2023-01-16T15:34:55 CET" name="afterTest" finished-at="2023-01-16T15:34:56 CET" duration-ms="483" status="PASS">
          <reporter-output>
          </reporter-output>
        </test-method> <!-- afterTest -->
        <test-method is-config="true" signature="afterSuite()[pri:0, instance:com.qa.tests.LoginTests@210ab13f]" started-at="2023-01-16T15:34:56 CET" name="afterSuite" finished-at="2023-01-16T15:34:56 CET" duration-ms="65" status="PASS">
          <reporter-output>
          </reporter-output>
        </test-method> <!-- afterSuite -->
      </class> <!-- com.qa.tests.LoginTests -->
    </test> <!-- AndroidEmulator1 -->
  </suite> <!-- Suite -->
</testng-results>
