<?xml version="1.0" encoding="UTF-8"?>
<testsuite xmlns:xsi="http://www.w3.org/2001/XMLSchema-instance" xsi:noNamespaceSchemaLocation="https://maven.apache.org/surefire/maven-surefire-plugin/xsd/surefire-test-report-3.0.xsd" version="3.0" name="TestSuite" time="37.046" tests="1" errors="0" skipped="0" failures="0">
  <properties>
[...]
</properties>
  <testcase name="successfullLogin" classname="com.qa.tests.LoginTests" time="10.538">
    <system-out><![CDATA[&amp#27;[35m[Appium]&amp#27;[39m Welcome to Appium v2.0.0-beta.48
&amp#27;[35m[Appium]&amp#27;[39m Attempting to load driver uiautomator2...
[debug] &amp#27;[35m[Appium]&amp#27;[39m Requiring driver at C:\Users\medaz\.appium\node_modules\appium-uiautomator2-driver
&amp#27;[35m[Appium]&amp#27;[39m Appium REST http interface listener started on 0.0.0.0:4723
&amp#27;[35m[Appium]&amp#27;[39m Available drivers:
&amp#27;[35m[Appium]&amp#27;[39m   - uiautomator2@2.12.1 (automationName 'UiAutomator2')
&amp#27;[35m[Appium]&amp#27;[39m No plugins have been installed. Use the "appium plugin" command to install the one(s) you want to use.
&amp#27;[38;5;0m[HTTP]&amp#27;[0m &amp#27;[37m-->&amp#27;[39m &amp#27;[37mGET&amp#27;[39m &amp#27;[37m/status&amp#27;[39m
&amp#27;[38;5;0m[HTTP]&amp#27;[0m &amp#27;[90m{}&amp#27;[39m
[debug] &amp#27;[38;5;16m[AppiumDriver@cb0b]&amp#27;[0m Calling AppiumDriver.getStatus() with args: []
[debug] &amp#27;[38;5;16m[AppiumDriver@cb0b]&amp#27;[0m Responding to client with driver.getStatus() result: {"build":{"version":"2.0.0-beta.48"}}
&amp#27;[38;5;0m[HTTP]&amp#27;[0m &amp#27;[37m<-- GET /status &amp#27;[39m&amp#27;[32m200&amp#27;[39m &amp#27;[90m5 ms - 47&amp#27;[39m
&amp#27;[38;5;0m[HTTP]&amp#27;[0m &amp#27;[90m&amp#27;[39m
[INFO ]2023-01-16 15:34:27.299 com.qa.BaseTest:135 - Appium server started
[INFO ]2023-01-16 15:34:27.342 com.qa.BaseTest:198 - log path: logs\Android_pixel_6
[INFO ]2023-01-16 15:34:42.852 com.qa.BaseTest:99 - super before method
[INFO ]2023-01-16 15:34:43.724 com.qa.tests.LoginTests:46 - 
**********Starting Test:successfullLogin****************

[INFO ]2023-01-16 15:34:50.388 com.qa.BaseTest:308 - clear user name field
[INFO ]2023-01-16 15:34:51.033 com.qa.BaseTest:285 - login withbob@example.com
[INFO ]2023-01-16 15:34:51.753 com.qa.BaseTest:308 - clear password field
[INFO ]2023-01-16 15:34:52.353 com.qa.BaseTest:285 - password is 10203040
[INFO ]2023-01-16 15:34:53.072 com.qa.BaseTest:274 - press login button
[INFO ]2023-01-16 15:34:54.392 com.qa.BaseTest:293 - page title isProducts
[INFO ]2023-01-16 15:34:54.394 com.qa.tests.LoginTests:98 - Le rÃ©sultat affichÃ© du statut d'affichage de la page produit est trueLe rÃ©sultat attendu du statut d'affichage de la page produit  est true
[INFO ]2023-01-16 15:34:54.400 com.qa.tests.LoginTests:100 - Le titre affichÃ© est Productset le tite attndu est Products
]]></system-out>
    <system-err><![CDATA[SLF4J: No SLF4J providers were found.
SLF4J: Defaulting to no-operation (NOP) logger implementation
SLF4J: See https://www.slf4j.org/codes.html#noProviders for further details.
2023-01-16 15:34:27,236 main ERROR Routing contains an invalid element or attribute "pattern"
]]></system-err>
  </testcase>
</testsuite>